<?xml version="1.0" encoding="UTF-8"?>
<!-- Generated by org.testng.reporters.JUnitReportReporter -->
<testsuite hostname="LG-PC" name="com.jbk.scrrenshort.GenerateLog" tests="1" failures="0" timestamp="21 Nov 2018 11:13:38 GMT" time="15.665" errors="0">
  <testcase name="demo" time="15.665" classname="com.jbk.scrrenshort.GenerateLog"/>
</testsuite> <!-- com.jbk.scrrenshort.GenerateLog -->
