<?xml version="1.0" encoding="UTF-8"?>
<!-- Generated by org.testng.reporters.JUnitReportReporter -->
<testsuite hostname="LG-PC" name="com.cookies.cookiesDemo" tests="1" failures="0" timestamp="22 Nov 2018 06:29:03 GMT" time="16.984" errors="0">
  <testcase name="demo" time="16.984" classname="com.cookies.cookiesDemo"/>
</testsuite> <!-- com.cookies.cookiesDemo -->
